isYfirst = 0, number of iterations = 5, g_k = 5
factors = 9, samples = 575,fold = 10, part = 4
gammaUp = 10, gammaDown = -2, initial bound = 0.5
 !!! START Ensemble NLGD for 1 FOLD !!! 
initial vector = -0.132566, 0.450093, -0.0325527, 0.396073, 0.128252, 0.33136, -0.299367, 0.189748, 0.148337, 0.277354, -0.49224, 0.322971, -0.353047, 0.416219, 0.209574, 0.143042, 0.0714409, -0.0863196, -0.490707, 0.442358, 0.484599, 0.125636, 0.407701, 0.0297666, 0.279516, -0.177487, -0.0890475, -0.460347, -0.476854, -0.44623, 0.356331, -0.0285684, 0.182407, -0.0317657, -0.097281, 0.292074, 
hi
 !!! STOP  Ensemble NLGD !!! 
------------------
------PLAIN-------
w:0.264876,0.214083,0.238033,-0.00128119,0.324913,0.305305,0.454868,0.377923,0.387182,
Correctness: 71.9298 %.
AUC: 0.632622
------------------
-------TRUE-------
w:0.17189,0.160309,0.208289,-0.0307304,0.300081,0.294489,0.393794,0.341443,0.334375,
Correctness: 71.9298 %.
AUC: 0.635671
------------------
 !!! STOP 1 FOLD !!! 
------------------
 !!! START Ensemble NLGD for 2 FOLD !!! 
initial vector = 0.247842, -0.365846, -0.233094, 0.211581, 0.202734, 0.284365, 0.389525, -0.233876, -0.121279, 0.052807, 0.269379, 0.405382, -0.196263, 0.124901, 0.411272, -0.375425, -0.334684, 0.314657, -0.136884, -0.0803878, -0.415305, 0.131399, 0.109466, -0.171209, 0.0453818, -0.208355, 0.305392, -0.266547, -0.0508852, -0.2952, -0.308423, -0.121271, -0.411895, 0.210886, -0.462165, -0.388396, 
hi
 !!! STOP  Ensemble NLGD !!! 
------------------
------PLAIN-------
w:0.502829,0.230437,0.108279,-0.166268,0.259388,0.247157,0.603168,0.32027,0.53049,
Correctness: 78.9474 %.
AUC: 0.437037
------------------
-------TRUE-------
w:0.386689,0.163306,0.0719167,-0.20259,0.229037,0.233466,0.529267,0.283371,0.462359,
Correctness: 78.9474 %.
AUC: 0.440741
------------------
 !!! STOP 2 FOLD !!! 
------------------
 !!! START Ensemble NLGD for 3 FOLD !!! 
initial vector = -0.156027, 0.1823, 0.38507, 0.496237, -0.0775256, -0.245213, -0.318329, 0.384572, -0.403209, 0.331372, 0.350396, -0.35474, -0.38857, -0.31107, -0.3569, 0.228204, 0.219261, 0.278419, -0.264014, 0.0347828, -0.479249, -0.224457, -0.291756, -0.166793, -0.288801, -0.406597, -0.450807, -0.401489, -0.326963, -0.190111, -0.412024, -0.196789, -0.328819, 0.235616, 0.249865, 0.434373, 
hi
 !!! STOP  Ensemble NLGD !!! 
------------------
------PLAIN-------
w:0.56631,0.412765,0.0876792,-0.28086,0.00563974,-0.0702236,0.585865,0.543617,0.517787,
Correctness: 66.6667 %.
AUC: 0.619114
------------------
-------TRUE-------
w:0.447604,0.344308,0.0505317,-0.316947,-0.0210494,-0.0827387,0.507546,0.495719,0.448869,
Correctness: 66.6667 %.
AUC: 0.608033
------------------
 !!! STOP 3 FOLD !!! 
------------------
 !!! START Ensemble NLGD for 4 FOLD !!! 
initial vector = -0.0503946, -0.026692, -0.267859, 0.0371147, 0.191649, 0.195858, 0.205048, 0.481832, -0.309905, -0.215873, 0.0902571, -0.353214, 0.387871, 0.0119099, -0.359229, 0.36685, 0.105113, 0.251774, -0.0870263, 0.429632, 0.2326, -0.421131, -0.222835, 0.469659, 0.0749044, -0.254668, -0.0981943, 0.084238, -0.196713, 0.123801, 0.0424307, 0.465565, 0.384193, -0.0205147, 0.00622772, 0.249894, 
hi
 !!! STOP  Ensemble NLGD !!! 
------------------
------PLAIN-------
w:0.459286,0.35767,0.0960072,-0.172287,0.183657,0.267622,0.667386,0.530595,0.442969,
Correctness: 77.193 %.
AUC: 0.63986
------------------
-------TRUE-------
w:0.341808,0.289776,0.0596173,-0.207428,0.153414,0.254275,0.583155,0.480144,0.373612,
Correctness: 77.193 %.
AUC: 0.646853
------------------
 !!! STOP 4 FOLD !!! 
------------------
 !!! START Ensemble NLGD for 5 FOLD !!! 
initial vector = -0.0756353, -0.176476, 0.0739868, -0.33121, -0.331666, -0.314053, 0.193761, -0.415926, -0.494438, -0.446415, 0.0303776, 0.184412, -0.12932, 0.385789, 0.155073, -0.374375, -0.306708, 0.0291792, -0.196985, -0.0295855, 0.446268, 0.458512, -0.241929, 0.0305029, 0.414165, 0.273236, 0.388899, 0.359113, -0.162575, -0.153766, 0.380585, -0.0483574, 0.0789914, 0.0679864, -0.437926, -0.304628, 
hi
 !!! STOP  Ensemble NLGD !!! 
------------------
------PLAIN-------
w:0.525622,0.270602,0.326233,-0.0567349,0.121928,0.192335,0.652584,0.392576,0.403282,
Correctness: 73.6842 %.
AUC: 0.701587
------------------
-------TRUE-------
w:0.402153,0.199936,0.288022,-0.102576,0.0952791,0.179013,0.573549,0.349221,0.335451,
Correctness: 73.6842 %.
AUC: 0.709524
------------------
 !!! STOP 5 FOLD !!! 
------------------
 !!! START Ensemble NLGD for 6 FOLD !!! 
initial vector = 0.44121, 0.0242233, -0.137578, -0.419505, 0.0316445, -0.496286, -0.15039, 0.438762, -0.1003, -0.130614, -0.120668, -0.168176, -0.256508, 0.475636, -0.333734, 0.0786279, -0.0434043, -0.458083, -0.157578, -0.232726, -0.0703292, -0.109765, 0.0844094, 0.0336839, 0.141054, -0.165593, 0.343269, 0.461381, 0.0699321, -0.294211, 0.217281, -0.178611, 0.47569, -0.441668, 0.0142814, 0.322489, 
hi
 !!! STOP  Ensemble NLGD !!! 
------------------
------PLAIN-------
w:0.743382,0.237578,0.106586,-0.26238,0.250121,0.113622,0.529282,0.402804,0.444733,
Correctness: 73.6842 %.
AUC: 0.679365
------------------
-------TRUE-------
w:0.618779,0.165176,0.0683704,-0.299435,0.2216,0.0992719,0.453227,0.355387,0.371279,
Correctness: 73.6842 %.
AUC: 0.679365
------------------
 !!! STOP 6 FOLD !!! 
------------------
 !!! START Ensemble NLGD for 7 FOLD !!! 
initial vector = -0.403405, 0.305329, -0.480781, 0.172524, 0.00331104, -0.383557, -0.171887, 0.446357, -0.281956, -0.145485, 0.113406, 0.259923, 0.46079, -0.222363, 0.375985, 0.0596816, -0.477107, -0.267206, 0.204024, 0.0797236, 0.277847, -0.0539154, -0.30822, 0.191552, -0.24084, -0.0894132, -0.161134, -0.443342, -0.0509276, 0.0969942, -0.210557, -0.206304, -0.0216868, -0.145552, -0.413239, -0.433046, 
hi
 !!! STOP  Ensemble NLGD !!! 
------------------
------PLAIN-------
w:0.582673,0.499212,0.265014,-0.185217,0.0811795,0.213199,0.530814,0.420134,0.34918,
Correctness: 75.4386 %.
AUC: 0.586379
------------------
-------TRUE-------
w:0.453809,0.425486,0.224857,-0.233382,0.0537291,0.199518,0.457154,0.377215,0.281841,
Correctness: 75.4386 %.
AUC: 0.57309
------------------
 !!! STOP 7 FOLD !!! 
------------------
 !!! START Ensemble NLGD for 8 FOLD !!! 
initial vector = -0.188557, -0.14082, 0.487234, 0.0869524, 0.16941, -0.0823199, -0.0257019, -0.452467, -0.191366, 0.00354248, 0.206137, 0.0895876, 0.183356, 0.453534, -0.460415, -0.287682, 0.373543, 0.145749, -0.260874, 0.0888506, 0.409067, -0.260827, -0.196832, 0.0113979, 0.262754, 0.290122, 0.224787, -0.196714, -0.114849, -0.0047383, 0.0368291, 0.224237, 0.220922, -0.271148, -0.102686, 0.412079, 
hi
 !!! STOP  Ensemble NLGD !!! 
------------------
------PLAIN-------
w:0.427466,0.340975,0.455208,-0.14913,0.265385,0.106405,0.516686,0.488712,0.509751,
Correctness: 78.9474 %.
AUC: 0.590741
------------------
-------TRUE-------
w:0.305727,0.27038,0.415163,-0.187345,0.234983,0.0931359,0.440817,0.440349,0.435702,
Correctness: 78.9474 %.
AUC: 0.6
------------------
 !!! STOP 8 FOLD !!! 
------------------
 !!! START Ensemble NLGD for 9 FOLD !!! 
initial vector = 0.0311694, -0.446521, -0.386199, -0.1162, 0.47286, -0.117843, 0.286032, -0.105789, -0.464806, -0.476146, 0.402948, -0.412006, 0.0703681, -0.105665, -0.0431536, -0.184808, -0.190649, -0.302324, 0.0892482, -0.225801, 0.324846, -0.259754, 0.158202, -0.0117589, 0.476071, 0.124642, 0.188287, -0.00288783, 0.219803, 0.43171, 0.126296, -0.337279, 0.247846, 0.393794, 0.0581281, -0.399202, 
hi
 !!! STOP  Ensemble NLGD !!! 
------------------
------PLAIN-------
w:0.481762,0.300969,0.280355,-0.102793,0.175074,0.164433,0.739224,0.42057,0.336067,
Correctness: 77.193 %.
AUC: 0.671329
------------------
-------TRUE-------
w:0.363393,0.232794,0.241879,-0.13812,0.147437,0.151337,0.652428,0.373213,0.272794,
Correctness: 77.193 %.
AUC: 0.690559
------------------
 !!! STOP 9 FOLD !!! 
------------------
 !!! START Ensemble NLGD for 10 FOLD !!! 
initial vector = 0.463239, -0.493852, 0.0245, -0.244448, 0.493516, -0.379589, -0.405738, 0.440458, 0.49103, 0.388497, -0.488685, 0.434272, -0.365381, -0.073626, 0.447661, 0.306483, 0.131785, -0.0323408, 0.305947, -0.156856, 0.145879, 0.481265, -0.418922, 0.177158, -0.293892, -0.0272784, 0.291432, -0.0191084, 0.289616, -0.0803217, -0.0655627, -0.148176, -0.187141, 0.353632, 0.457306, -0.29255, 
hi
 !!! STOP  Ensemble NLGD !!! 
------------------
------PLAIN-------
w:0.739738,0.038374,0.320336,-0.259155,0.105529,0.163745,0.506334,0.604604,0.467103,
Correctness: 70.1754 %.
AUC: 0.555882
------------------
-------TRUE-------
w:0.622834,-0.0289862,0.282551,-0.29343,0.0816828,0.150201,0.427419,0.547983,0.393752,
Correctness: 70.1754 %.
AUC: 0.551471
------------------
 !!! STOP 10 FOLD !!! 
------------------
Plain correctness: 74.386%
Plain AUC: 0.611392
True correctness: 74.386%
True AUC: 0.613531
